<?xml version="1.0" encoding="UTF-8"?>
<!-- Generated by org.testng.reporters.JUnitReportReporter -->
<testsuite hostname="DESKTOP-64BULFN" failures="0" tests="7" name="testCase.TC008_Add_Certificate" time="0.011" errors="0" timestamp="2023-11-06T16:39:14 IST" skipped="0">
  <testcase classname="testCase.TC008_Add_Certificate" name="addCertificate_API_checkResponseBody" time="0.009"/>
  <system-out/>
  <testcase classname="testCase.TC008_Add_Certificate" name="addCertificate_API_checkResponseTime" time="0.000"/>
  <system-out/>
  <testcase classname="testCase.TC008_Add_Certificate" name="addCertificate_API_checkServerType" time="0.000"/>
  <system-out/>
  <testcase classname="testCase.TC008_Add_Certificate" name="addCertificate_API_printAllHeader" time="0.001"/>
  <system-out/>
  <testcase classname="testCase.TC008_Add_Certificate" name="addCertificate_API_checkContentType" time="0.000"/>
  <system-out/>
  <testcase classname="testCase.TC008_Add_Certificate" name="addCertificate_checkStatusLine" time="0.000"/>
  <system-out/>
  <testcase classname="testCase.TC008_Add_Certificate" name="addCertificate_API_checkStatusCode" time="0.001"/>
  <system-out/>
</testsuite> <!-- testCase.TC008_Add_Certificate -->
