<?xml version="1.0" encoding="UTF-8"?>
<!-- Generated by org.testng.reporters.JUnitReportReporter -->
<testsuite hostname="DESKTOP-64BULFN" failures="0" tests="7" name="testCase.TC002_Get_Customer_List" time="0.011" errors="0" timestamp="2023-11-06T16:39:14 IST" skipped="0">
  <testcase classname="testCase.TC002_Get_Customer_List" name="getCustomerList_API_printAllHeader" time="0.001"/>
  <system-out/>
  <testcase classname="testCase.TC002_Get_Customer_List" name="getCustomerList_API_checkResponseBody" time="0.005"/>
  <system-out/>
  <testcase classname="testCase.TC002_Get_Customer_List" name="getCustomerList_API_checkResponseTime" time="0.001"/>
  <system-out/>
  <testcase classname="testCase.TC002_Get_Customer_List" name="getCustomerList_API_checkStatusCode" time="0.001"/>
  <system-out/>
  <testcase classname="testCase.TC002_Get_Customer_List" name="getCustomerList_API_checkServerType" time="0.001"/>
  <system-out/>
  <testcase classname="testCase.TC002_Get_Customer_List" name="getCustomerList_API_checkStatusLine" time="0.001"/>
  <system-out/>
  <testcase classname="testCase.TC002_Get_Customer_List" name="getCustomerList_API_checkContentType" time="0.001"/>
  <system-out/>
</testsuite> <!-- testCase.TC002_Get_Customer_List -->
