<?xml version="1.0" encoding="UTF-8"?>
<!-- Generated by org.testng.reporters.JUnitReportReporter -->
<testsuite hostname="DESKTOP-64BULFN" failures="0" tests="7" name="testCase.TC016_Update_Cart_Quantity" time="0.032" errors="0" timestamp="2023-11-06T16:45:57 IST" skipped="0">
  <testcase classname="testCase.TC016_Update_Cart_Quantity" name="updateCartQuantity_API_checkStatusCode" time="0.001"/>
  <system-out/>
  <testcase classname="testCase.TC016_Update_Cart_Quantity" name="updateCartQuantity_API_checkResponseBody" time="0.017"/>
  <system-out/>
  <testcase classname="testCase.TC016_Update_Cart_Quantity" name="updateCartQuantity_API_checkServerType" time="0.001"/>
  <system-out/>
  <testcase classname="testCase.TC016_Update_Cart_Quantity" name="updateCartQuantity_API_checkResponseTime" time="0.002"/>
  <system-out/>
  <testcase classname="testCase.TC016_Update_Cart_Quantity" name="updateCartQuantity_API_checkStatusLine" time="0.001"/>
  <system-out/>
  <testcase classname="testCase.TC016_Update_Cart_Quantity" name="updateCartQuantity_API_checkContentType" time="0.009"/>
  <system-out/>
  <testcase classname="testCase.TC016_Update_Cart_Quantity" name="updateCartQuantity_API_printAllHeader" time="0.001"/>
  <system-out/>
</testsuite> <!-- testCase.TC016_Update_Cart_Quantity -->
