<?xml version="1.0" encoding="UTF-8"?>
<!-- Generated by org.testng.reporters.JUnitReportReporter -->
<testsuite hostname="DESKTOP-64BULFN" failures="0" tests="7" name="testCase.TC001_LoginValidation" time="0.044" errors="0" timestamp="2023-11-24T12:33:59 IST" skipped="0">
  <testcase classname="testCase.TC001_LoginValidation" name="loginAPI_checkServerType" time="0.002"/>
  <system-out/>
  <testcase classname="testCase.TC001_LoginValidation" name="loginAPI_StatusCode" time="0.002"/>
  <system-out/>
  <testcase classname="testCase.TC001_LoginValidation" name="loginAPI_ResponseBody" time="0.034"/>
  <system-out/>
  <testcase classname="testCase.TC001_LoginValidation" name="loginAPI_checkResponseTime" time="0.001"/>
  <system-out/>
  <testcase classname="testCase.TC001_LoginValidation" name="loginAPI_printAllHeader" time="0.002"/>
  <system-out/>
  <testcase classname="testCase.TC001_LoginValidation" name="loginAPI_checkContentType" time="0.002"/>
  <system-out/>
  <testcase classname="testCase.TC001_LoginValidation" name="loginAPI_checkStatusLine" time="0.001"/>
  <system-out/>
</testsuite> <!-- testCase.TC001_LoginValidation -->
